<?xml version="1.0" encoding="UTF-8"?>
<testng-results ignored="5" total="6" passed="1" failed="0" skipped="0">
  <reporter-output>
  </reporter-output>
  <suite started-at="2024-06-03T15:01:26 IST" name="Default suite" finished-at="2024-06-03T15:01:29 IST" duration-ms="2843">
    <groups>
    </groups>
    <test started-at="2024-06-03T15:01:26 IST" name="Default test" finished-at="2024-06-03T15:01:29 IST" duration-ms="2843">
      <class name="day1.PetStore">
        <test-method signature="viewUpdatedData()[pri:0, instance:day1.PetStore@353d0772]" started-at="2024-06-03T15:01:26 IST" name="viewUpdatedData" finished-at="2024-06-03T15:01:29 IST" duration-ms="2803" status="PASS">
          <reporter-output>
          </reporter-output>
        </test-method> <!-- viewUpdatedData -->
      </class> <!-- day1.PetStore -->
    </test> <!-- Default test -->
  </suite> <!-- Default suite -->
</testng-results>
