<?xml version="1.0" encoding="UTF-8"?>
<!-- Generated by org.testng.reporters.JUnitXMLReporter -->
<testsuite ignored="5" hostname="KUTTI" failures="0" tests="1" name="Default test" time="2.843" errors="0" timestamp="2024-06-03T15:01:29 IST">
  <testcase classname="day1.PetStore" name="viewUpdatedData" time="2.803"/>
  <testcase classname="day1.PetStore" name="puData" time="0.0">
    <ignored/>
  </testcase> <!-- puData -->
  <testcase classname="day1.PetStore" name="getSingleUserData" time="0.0">
    <ignored/>
  </testcase> <!-- getSingleUserData -->
  <testcase classname="day1.PetStore" name="createData" time="0.0">
    <ignored/>
  </testcase> <!-- createData -->
  <testcase classname="day1.PetStore" name="getListUserData" time="0.0">
    <ignored/>
  </testcase> <!-- getListUserData -->
  <testcase classname="day1.PetStore" name="userNotFound" time="0.0">
    <ignored/>
  </testcase> <!-- userNotFound -->
</testsuite> <!-- Default test -->
